<?xml version="1.0" encoding="UTF-8"?>
<!-- Generated by org.testng.reporters.JUnitReportReporter -->
<testsuite hostname="DESKTOP-78275AQ" failures="0" tests="1" name="testCases.TC001_AccountRegistrationTest" time="3.278" errors="0" timestamp="2025-03-27T00:12:10 IST" skipped="0">
  <testcase classname="testCases.TC001_AccountRegistrationTest" name="verify_account_registration" time="3.278"/>
</testsuite> <!-- testCases.TC001_AccountRegistrationTest -->
