<?xml version="1.0" encoding="UTF-8"?>
<!-- Generated by org.testng.reporters.JUnitReportReporter -->
<testsuite hostname="DESKTOP-78275AQ" failures="0" tests="1" name="testCases.TC002_LoginTest" time="1.986" errors="0" timestamp="2025-03-25T21:52:30 IST" skipped="0">
  <testcase classname="testCases.TC002_LoginTest" name="verify_login" time="1.986"/>
</testsuite> <!-- testCases.TC002_LoginTest -->
