<?xml version="1.0" encoding="UTF-8"?>
<!-- Generated by org.testng.reporters.JUnitReportReporter -->
<testsuite hostname="DESKTOP-78275AQ" failures="0" tests="1" name="testCases.TC001_AccountRegistrationTest" time="3.444" errors="0" timestamp="2025-03-26T00:43:57 IST" skipped="0">
  <testcase classname="testCases.TC001_AccountRegistrationTest" name="verify_account_registration" time="3.444"/>
</testsuite> <!-- testCases.TC001_AccountRegistrationTest -->
